<?xml version="1.0" encoding="UTF-8"?>
<!-- Generated by org.testng.reporters.JUnitReportReporter -->
<testsuite hostname="SUPPI-PC" failures="0" tests="5" name="testCases.LoginDataDrivenTest" time="27.562" errors="0" timestamp="2025-08-20T13:08:30 IST" skipped="0">
  <testcase classname="testCases.LoginDataDrivenTest" name="verify_loginDDT" time="1.945"/>
  <testcase classname="testCases.LoginDataDrivenTest" name="verify_loginDDT" time="2.478"/>
  <testcase classname="testCases.LoginDataDrivenTest" name="verify_loginDDT" time="10.168"/>
  <testcase classname="testCases.LoginDataDrivenTest" name="verify_loginDDT" time="10.198"/>
  <testcase classname="testCases.LoginDataDrivenTest" name="verify_loginDDT" time="2.773"/>
</testsuite> <!-- testCases.LoginDataDrivenTest -->
