<?xml version="1.0" encoding="UTF-8"?>
<!-- Generated by org.testng.reporters.JUnitReportReporter -->
<testsuite hostname="SUPPI-PC" failures="0" tests="1" name="testCases.LoginTest" time="4.230" errors="0" timestamp="2025-08-28T09:14:21 IST" skipped="0">
  <testcase classname="testCases.LoginTest" name="verify_login" time="4.230"/>
</testsuite> <!-- testCases.LoginTest -->
