<?xml version="1.0" encoding="UTF-8"?>
<!-- Generated by org.testng.reporters.JUnitReportReporter -->
<testsuite hostname="SUPPI-PC" failures="0" tests="1" name="testCases.AccountRegistrationTest" time="11.074" errors="0" timestamp="2025-08-28T09:14:21 IST" skipped="0">
  <testcase classname="testCases.AccountRegistrationTest" name="verify_Account_Registration" time="11.074"/>
</testsuite> <!-- testCases.AccountRegistrationTest -->
